d:\games\hitplane\proj.win32\debug.win32\helloworldplayer.obj
d:\games\hitplane\proj.win32\debug.win32\helloworldscene.obj
d:\games\hitplane\proj.win32\debug.win32\appdelegate.obj
d:\games\hitplane\proj.win32\debug.win32\main.obj
d:\games\hitplane\proj.win32\debug.win32\vc120.pdb
d:\games\hitplane\proj.win32\debug.win32\hitplane.lib
d:\games\hitplane\proj.win32\debug.win32\hitplane.exp
d:\games\hitplane\proj.win32\debug.win32\hitplane.ilk
d:\games\hitplane\proj.win32\debug.win32\hitplane.exe
d:\games\hitplane\proj.win32\debug.win32\hitplane.pdb
d:\games\hitplane\proj.win32\debug.win32\game.res
d:\games\hitplane\proj.win32\debug.win32\vc120.idb
d:\games\hitplane\proj.win32\debug.win32\hitplane.tlog\cl.command.1.tlog
d:\games\hitplane\proj.win32\debug.win32\hitplane.tlog\cl.read.1.tlog
d:\games\hitplane\proj.win32\debug.win32\hitplane.tlog\cl.write.1.tlog
d:\games\hitplane\proj.win32\debug.win32\hitplane.tlog\hitplane.write.1u.tlog
d:\games\hitplane\proj.win32\debug.win32\hitplane.tlog\link.command.1.tlog
d:\games\hitplane\proj.win32\debug.win32\hitplane.tlog\link.read.1.tlog
d:\games\hitplane\proj.win32\debug.win32\hitplane.tlog\link.write.1.tlog
d:\games\hitplane\proj.win32\debug.win32\hitplane.tlog\rc.command.1.tlog
d:\games\hitplane\proj.win32\debug.win32\hitplane.tlog\rc.read.1.tlog
d:\games\hitplane\proj.win32\debug.win32\hitplane.tlog\rc.write.1.tlog
